<?xml version="1.0" encoding="UTF-8"?>
<!-- Generated by org.testng.reporters.JUnitReportReporter -->
<testsuite hostname="Muhammads-MacBook-Air.local" failures="0" tests="4" name="runner.TestRunner" time="0.037" errors="0" timestamp="2022-09-29T13:08:43 WIB" skipped="0">
  <testcase classname="runner.TestRunner" name="runScenario" time="0.001"/>
  <system-out/>
  <testcase classname="runner.TestRunner" name="runScenario" time="0.033"/>
  <system-out/>
  <testcase classname="runner.TestRunner" name="runScenario" time="0.002"/>
  <system-out/>
  <testcase classname="runner.TestRunner" name="runScenario" time="0.001"/>
  <system-out/>
</testsuite> <!-- runner.TestRunner -->
